1283234003 597987 0 0 0 0 0 0
1283234003 788999 5 53 24 -27.85111 152.9284083333333 58.2 0 0 -0.6718 0.1543 0 8 0 0 1 36.1
1283234004 787130 5 53 25 -27.85110833333333 152.9284083333333 58.3 0 0 0.3274 0.05659 0 8 0 0 1 36.1
1283234005 788555 5 53 26 -27.85110833333333 152.9284083333333 58.4 0 0 -0.09687 0.05144 0 8 0 0 1 36.1
1283234006 793031 5 53 27 -27.85110666666667 152.9284066666667 58.8 0 0 -0.7051 0.1543 0 8 0 0 1 36.1
1283234007 795648 5 53 28 -27.851105 152.9284066666667 59.2 0 0 -0.4225 0.2264 0 8 0 0 1 36.1
1283234008 785035 5 53 29 -27.85110166666666 152.9284066666667 59.4 0 0 0.2007 0.6585 0 7 0 0 1 36.1
1283234009 789036 5 53 30 -27.85109333333333 152.9284083333333 59.6 0 0 0.1539 1.209 0 7 0 0 1 36.1
1283234010 797411 5 53 31 -27.85107833333333 152.9284116666667 59.8 0 0 0.1532 1.975 0 7 0 0 1 36.1
1283234011 786462 5 53 32 -27.851055 152.928415 59.9 0 0 0.04433 2.896 0 7 0 0 1 36.1
1283234012 795153 5 53 33 -27.85102333333333 152.9284183333333 60 0 0 0.05393 4.09 0 7 0 0 1 36.1
1283234013 790116 5 53 34 -27.850975 152.9284233333333 60.2 0 0 0.136 5.988 0 7 0 0 1 36.1
1283234014 796552 5 53 35 -27.85090666666667 152.928435 60.2 0 0 0.1567 8.396 0 7 0 0 1 36.1
1283234015 791673 5 53 36 -27.85081333333333 152.9284533333333 60.6 0 0 0.1684 10.58 0 8 0 0 1 36.1
1283234016 793038 5 53 37 -27.85069666666667 152.9284783333333 61.8 0 0 0.2131 12.31 0 8 0 0 1 36.1
1283234017 792633 5 53 38 -27.85058166666667 152.9285183333333 63.1 0 0 0.3681 12.34 0 8 0 0 1 36.1
1283234018 793573 5 53 39 -27.85048666666667 152.928605 64.5 0 0 0.5552 11.51 0 8 0 0 1 36.1
1283234019 793039 5 53 40 -27.85043666666667 152.9287233333333 66.6 0 0 0.8159 10.65 0 8 0 0 1 36.1
1283234020 796510 5 53 41 -27.85042166666667 152.9288716666667 68.8 0 0 1.152 10.49 0 7 0 0 1 36.1
1283234021 789312 5 53 42 -27.850425 152.9290233333333 70.8 0 0 1.494 12.33 0 7 0 0 1 36.1
1283234022 797460 5 53 43 -27.85043833333333 152.9291966666667 74.6 0 0 1.663 15.9 0 8 0 0 1 36.1
1283234023 794012 5 53 44 -27.85047833333334 152.9293866666667 77.6 0 0 1.774 18.06 0 8 0 0 1 36.1
1283234024 793961 5 53 45 -27.85052166666667 152.929575 80.2 0 0 1.84 18.56 0 7 0 0 1 36.1
1283234025 790064 5 53 46 -27.85058166666667 152.929755 83.1 0 0 1.94 18.36 0 8 0 0 1 36.1
1283234026 793000 5 53 47 -27.85063833333333 152.9299166666667 87.8 0 0 1.926 16.84 0 8 0 0 1 36.1
1283234027 790035 5 53 48 -27.850685 152.930065 91.9 0 0 1.788 15.6 0 8 0 0 1 36.1
1283234028 796996 5 53 49 -27.85064333333333 152.9301683333333 100.2 0 0 1.594 14.18 0 8 0 0 1 36.1
1283234029 798022 5 53 50 -27.85058333333333 152.9302833333333 103.1 0 0 1.395 12.76 0 8 0 0 1 36.1
1283234030 796998 5 53 51 -27.85048166666667 152.930365 105.9 0 0 1.062 11.9 0 8 0 0 1 36.1
1283234031 793281 5 53 52 -27.85036833333333 152.9304266666667 108.8 0 0 0.6252 12.84 0 8 0 0 1 36.1
1283234032 793114 5 53 53 -27.85023 152.93048 111.7 0 0 0.3786 15.08 0 8 0 0 1 36.1
1283234033 801511 5 53 54 -27.85007833333333 152.9305183333333 116.8 0 0 0.3663 15.99 0 6 0 0 1 36.1
1283234034 797027 5 53 55 -27.84993833333333 152.93058 117.9 0 0 0.3979 16.62 0 6 0 0 1 36.1
1283234035 793060 5 53 56 -27.84979333333333 152.9306416666667 119.8 0 0 0.3536 17.01 0 6 0 0 1 36.1
1283234036 799299 5 53 57 -27.84964666666666 152.9307033333333 121.5 0 0 0.356 17.41 0 8 0 0 1 36.1
1283234037 793038 5 53 58 -27.849505 152.9307716666667 121.9 0 0 0.3557 18.05 0 8 0 0 1 36.1
1283234038 794047 5 53 59 -27.84935 152.9308366666667 122.5 0 0 0.3133 19.14 0 8 0 0 1 36.1
1283234039 800120 5 54 0 -27.84918666666667 152.9309 122.6 0 0 0.2988 19.74 0 8 0 0 1 36.1
1283234040 797066 5 54 1 -27.84902333333334 152.9309566666667 124.1 0 0 0.3012 18.48 0 8 0 0 1 36.1
1283234041 793996 5 54 2 -27.848865 152.9310066666667 125.9 0 0 0.278 18.09 0 8 0 0 1 36.1
1283234042 793047 5 54 3 -27.84871666666667 152.9310616666667 126.2 0 0 0.3086 17.68 0 8 0 0 1 36.1
1283234043 793035 5 54 4 -27.84857 152.93112 127.1 0 0 0.3513 17.26 0 8 0 0 1 36.1
1283234044 792682 5 54 5 -27.84843166666667 152.93119 126.5 0 0 0.3915 17.17 0 8 0 0 1 36.1
1283234045 798269 5 54 6 -27.84829166666667 152.9312616666667 127.1 0 0 0.4384 17.05 0 8 0 0 1 36.1
1283234046 795166 5 54 7 -27.84815333333333 152.9313366666667 127.6 0 0 0.4466 16.94 0 8 0 0 1 36.1
1283234047 796507 5 54 8 -27.84801833333333 152.93141 128.1 0 0 0.4184 16.51 0 8 0 0 1 36.1
1283234048 796998 5 54 9 -27.84788166666667 152.9314733333333 128.2 0 0 0.3608 16.52 0 8 0 0 1 36.1
1283234049 800588 5 54 10 -27.84773833333333 152.93152 128.5 0 0 0.2276 16.95 0 8 0 0 1 36.1
1283234050 793055 5 54 11 -27.847585 152.9315316666667 128.8 0 0 0.07994 16.99 0 7 0 0 1 36.1
1283234051 796580 5 54 12 -27.84743 152.9315066666667 129.1 0 0 -0.04957 16.7 0 8 0 0 1 36.1
1283234052 796583 5 54 13 -27.847275 152.9314183333333 129.5 0 0 -0.232 16.8 0 8 0 0 1 36.1
1283234053 796553 5 54 14 -27.84715333333333 152.9312816666667 130.3 0 0 -0.4262 18.11 0 8 0 0 1 36.1
1283234054 796995 5 54 15 -27.847 152.93111 131.2 0 0 -0.611 19.84 0 8 0 0 1 36.1
1283234055 797536 5 54 16 -27.84688 152.9309166666667 131.2 0 0 -0.7859 21.78 0 8 0 0 1 36.1
1283234056 797946 5 54 17 -27.84680333333333 152.9306816666667 131.3 0 0 -0.9481 23.06 0 8 0 0 1 36.1
1283234057 797999 5 54 18 -27.84677833333333 152.9304383333333 131.6 0 0 -1.119 22.87 0 8 0 0 1 36.1
1283234058 801015 5 54 19 -27.84686333333333 152.930145 131.7 0 0 -1.361 23.02 0 8 0 0 1 36.1
1283234059 801227 5 54 20 -27.84694833333333 152.9298783333333 131.7 0 0 -1.564 23.64 0 8 0 0 1 36.1
1283234060 794015 5 54 21 -27.84708166666667 152.929625 131.4 0 0 -1.764 23.31 0 8 0 0 1 36.1
1283234061 798236 5 54 22 -27.84723333333333 152.929415 133 0 0 -1.961 24.21 0 8 0 0 1 36.1
1283234062 805996 5 54 23 -27.847415 152.9292533333333 132.1 0 0 -2.124 24.14 0 8 0 0 1 36.1
1283234063 796568 5 54 24 -27.84759166666667 152.9291266666667 131.5 0 0 -2.241 23.52 0 7 0 0 1 36.1
1283234064 796668 5 54 25 -27.84777166666667 152.929055 131 0 0 -2.389 21.74 0 7 0 0 1 36.1
1283234065 798046 5 54 26 -27.847955 152.9290633333333 133 0 0 -2.631 18.99 0 6 0 0 1 36.1
1283234066 796198 5 54 27 -27.84813 152.9290233333333 134.2 0 0 -2.807 19.35 0 7 0 0 1 36.1
1283234067 797292 5 54 28 -27.84833666666667 152.929025 133.6 0 0 -2.936 21.28 0 6 0 0 1 36.1
1283234068 792608 5 54 29 -27.848535 152.928985 133.6 0 0 -2.97 22.43 0 5 0 0 1 36.1
1283234069 801064 5 54 30 -27.84873833333333 152.9289583333333 133.7 0 0 -3.009 22.3 0 5 0 0 1 36.1
1283234070 789521 5 54 31 -27.84893166666667 152.9289333333333 134.1 0 0 -3.042 21.53 0 5 0 0 1 36.1
1283234071 792977 5 54 32 -27.84912166666667 152.92893 133 0 0 -3.109 20.26 0 6 0 0 1 36.1
1283234072 805493 5 54 33 -27.8493 152.9289316666667 132.1 0 0 3.123 19.49 0 6 0 0 1 36.1
1283234073 797032 5 54 34 -27.84947166666667 152.928945 132.2 0 0 3.065 19.01 0 5 0 0 1 36.1
1283234074 797861 5 54 35 -27.84964166666667 152.9289666666667 131.2 0 0 3.039 18.89 0 7 0 0 1 36.1
1283234075 797027 5 54 36 -27.84981 152.9289866666667 130.3 0 0 3.07 19.1 0 8 0 0 1 36.1
1283234076 796453 5 54 37 -27.84998166666667 152.9289983333333 129.4 0 0 3.095 19.08 0 8 0 0 1 36.1
1283234077 794039 5 54 38 -27.85015 152.92901 131 0 0 3.096 19.02 0 8 0 0 1 36.1
1283234078 797276 5 54 39 -27.85032 152.9290233333333 131.4 0 0 3.081 19.27 0 8 0 0 1 36.1
1283234079 796976 5 54 40 -27.850495 152.9290266666667 131.9 0 0 -3.137 19.52 0 8 0 0 1 36.1
1283234080 797078 5 54 41 -27.85067166666667 152.9290216666667 132.1 0 0 -3.094 19.82 0 8 0 0 1 36.1
1283234081 794028 5 54 42 -27.850855 152.9290083333333 131.3 0 0 -3.06 20.22 0 8 0 0 1 36.1
1283234082 797057 5 54 43 -27.85104166666667 152.92898 130.9 0 0 -2.969 21.22 0 8 0 0 1 36.1
1283234083 794776 5 54 44 -27.85123833333333 152.928935 129.9 0 0 -2.927 22.09 0 7 0 0 1 36.1
1283234084 798610 5 54 45 -27.85143666666667 152.9288833333333 129.3 0 0 -2.923 22.33 0 7 0 0 1 36.1
1283234085 797411 5 54 46 -27.851635 152.9288416666667 128.6 0 0 -2.988 21.81 0 7 0 0 1 36.1
1283234086 797806 5 54 47 -27.85182833333333 152.92882 127.5 0 0 -3.068 20.94 0 7 0 0 1 36.1
1283234087 801501 5 54 48 -27.85200833333333 152.9288333333333 126.4 0 0 3.117 19.74 0 7 0 0 1 36.1
1283234088 795908 5 54 49 -27.85216833333333 152.92888 125.3 0 0 3 18.25 0 7 0 0 1 36.1
1283234089 793697 5 54 50 -27.85231666666667 152.928945 124.5 0 0 2.844 17.02 0 7 0 0 1 36.1
1283234090 802375 5 54 51 -27.85244166666667 152.9290483333333 123.4 0 0 2.689 15.78 0 7 0 0 1 36.1
1283234091 797516 5 54 52 -27.85254166666667 152.92915 123.6 0 0 2.48 14.85 0 7 0 0 1 36.1
1283234092 804522 5 54 53 -27.85262833333333 152.9292733333333 124 0 0 2.312 14.61 0 8 0 0 1 36.1
1283234093 798908 5 54 54 -27.85269166666667 152.929395 124.7 0 0 2.199 13.67 0 7 0 0 1 36.1
1283234094 796763 5 54 55 -27.85274333333333 152.9295066666667 124.6 0 0 2.087 12.34 0 7 0 0 1 36.1
1283234095 800484 5 54 56 -27.85277333333333 152.9296133333333 124.3 0 0 1.899 10.84 0 8 0 0 1 36.1
1283234096 798192 5 54 57 -27.85277333333333 152.9297116666667 124.7 0 0 1.611 9.836 0 8 0 0 1 36.1
1283234097 804508 5 54 58 -27.85276166666667 152.929805 125.3 0 0 1.463 9.466 0 8 0 0 1 36.1
1283234098 802000 5 54 59 -27.85274333333333 152.9298983333333 125.5 0 0 1.363 9.239 0 8 0 0 1 36.1
1283234099 798017 5 55 0 -27.85272 152.92999 125.3 0 0 1.258 9.167 0 8 0 0 1 36.1
1283234100 798008 5 55 1 -27.85268666666667 152.9300783333333 123.8 0 0 1.165 9.291 0 8 0 0 1 36.1
1283234101 798027 5 55 2 -27.85264333333333 152.9301583333333 123.6 0 0 1.049 9.43 0 8 0 0 1 36.1
1283234102 804537 5 55 3 -27.852595 152.93024 122.8 0 0 0.942 9.615 0 8 0 0 1 36.1
1283234103 798028 5 55 4 -27.85253666666667 152.930315 122.4 0 0 0.8259 9.672 0 8 0 0 1 36.1
1283234104 801990 5 55 5 -27.85247 152.9303816666667 122.1 0 0 0.7165 9.918 0 8 0 0 1 36.1
1283234105 800589 5 55 6 -27.85239166666667 152.9304416666667 122.1 0 0 0.6093 10.46 0 8 0 0 1 36.1
1283234106 805180 5 55 7 -27.852305 152.9304966666667 122.1 0 0 0.5013 11.04 0 8 0 0 1 36.1
1283234107 798068 5 55 8 -27.852205 152.9305433333333 122.1 0 0 0.374 11.66 0 8 0 0 1 36.1
1283234108 801201 5 55 9 -27.85209833333333 152.9305766666667 122 0 0 0.2327 12.23 0 8 0 0 1 36.1
1283234109 800176 5 55 10 -27.851985 152.9305933333333 122.2 0 0 0.1159 12.58 0 8 0 0 1 36.1
1283234110 802015 5 55 11 -27.85186666666667 152.9306 122.5 0 0 0.02758 12.79 0 8 0 0 1 36.1
1283234111 802265 5 55 12 -27.851745 152.9305933333333 122.5 0 0 -0.06336 13.54 0 7 0 0 1 36.1
1283234112 798037 5 55 13 -27.85161666666666 152.9305783333333 122.6 0 0 -0.09809 14.16 0 7 0 0 1 36.1
1283234113 805005 5 55 14 -27.851485 152.9305616666667 122.7 0 0 -0.08412 14.41 0 7 0 0 1 36.1
1283234114 798047 5 55 15 -27.85135333333333 152.9305516666667 123 0 0 -0.02915 14.07 0 7 0 0 1 36.1
1283234115 806016 5 55 16 -27.85122666666667 152.93055 123.3 0 0 0.009425 13.71 0 7 0 0 1 36.1
1283234116 804546 5 55 17 -27.85110166666666 152.9305516666667 123.8 0 0 0.05341 13.31 0 7 0 0 1 36.1
1283234117 806008 5 55 18 -27.85098 152.9305616666667 123.9 0 0 0.08639 13.38 0 7 0 0 1 36.1
1283234118 800999 5 55 19 -27.85085666666667 152.9305733333333 123.9 0 0 0.1033 13.7 0 7 0 0 1 36.1
1283234119 802060 5 55 20 -27.85073166666667 152.9305866666667 124 0 0 0.1114 13.87 0 7 0 0 1 36.1
1283234120 800767 5 55 21 -27.850605 152.9306033333333 124.1 0 0 0.1216 13.78 0 7 0 0 1 36.1
1283234121 797049 5 55 22 -27.85048333333333 152.9306216666667 124.9 0 0 0.1428 13.37 0 8 0 0 1 36.1
1283234122 804512 5 55 23 -27.850365 152.9306433333333 125.5 0 0 0.1642 12.96 0 8 0 0 1 36.1
1283234123 805016 5 55 24 -27.85024833333333 152.9306666666667 125.9 0 0 0.2183 12.89 0 8 0 0 1 36.1
1283234124 800996 5 55 25 -27.85013333333333 152.9307 125.8 0 0 0.2756 13.26 0 8 0 0 1 36.1
1283234125 798017 5 55 26 -27.85001833333333 152.9307433333333 126.1 0 0 0.3552 13.61 0 8 0 0 1 36.1
1283234126 801404 5 55 27 -27.849905 152.9307983333333 126.4 0 0 0.4274 13.55 0 8 0 0 1 36.1
1283234127 800564 5 55 28 -27.84979666666667 152.9308616666667 126.8 0 0 0.5112 13.33 0 8 0 0 1 36.1
1283234128 801000 5 55 29 -27.84969333333333 152.93093 126.9 0 0 0.5342 13.37 0 8 0 0 1 36.1
1283234129 805016 5 55 30 -27.84958666666667 152.9309983333333 126.8 0 0 0.5021 13.6 0 8 0 0 1 36.1
1283234130 805012 5 55 31 -27.84947666666667 152.931065 126.3 0 0 0.4777 14.11 0 8 0 0 1 36.1
1283234131 800575 5 55 32 -27.84936166666667 152.9311316666667 126.1 0 0 0.485 14.38 0 8 0 0 1 36.1
1283234132 800541 5 55 33 -27.84924666666667 152.9311983333333 126.3 0 0 0.4765 14.01 0 8 0 0 1 36.1
1283234133 800534 5 55 34 -27.84913666666667 152.9312616666667 126.3 0 0 0.4616 13.52 0 8 0 0 1 36.1
1283234134 802890 5 55 35 -27.84902666666667 152.9313216666667 126.7 0 0 0.4552 13.29 0 8 0 0 1 36.1
1283234135 805360 5 55 36 -27.84892 152.931385 126.7 0 0 0.5079 13.6 0 7 0 0 1 36.1
1283234136 801026 5 55 37 -27.84881166666667 152.9314566666667 126.3 0 0 0.5285 14.16 0 8 0 0 1 36.1
1283234137 803210 5 55 38 -27.84870166666667 152.93153 126 0 0 0.5348 14.21 0 8 0 0 1 36.1
1283234138 805512 5 55 39 -27.84858833333333 152.9316016666667 125.7 0 0 0.4791 14.63 0 7 0 0 1 36.1
1283234139 802009 5 55 40 -27.84847166666666 152.9316716666667 125.3 0 0 0.4936 14.5 0 7 0 0 1 36.1
1283234140 801077 5 55 41 -27.84836 152.93174 125.2 0 0 0.5027 13.96 0 6 0 0 1 36.1
1283234141 803442 5 55 42 -27.84825 152.9318033333333 125.3 0 0 0.4683 13.37 0 6 0 0 1 36.1
1283234142 798018 5 55 43 -27.84814 152.9318533333333 125.3 0 0 0.33 13.17 0 6 0 0 1 36.1
1283234143 805210 5 55 44 -27.84802166666667 152.9318816666667 125.3 0 0 0.1759 13.45 0 7 0 0 1 36.1
1283234144 800902 5 55 45 -27.8479 152.9318866666667 125.4 0 0 0.01484 13.6 0 7 0 0 1 36.1
1283234145 806223 5 55 46 -27.84777666666667 152.9318716666667 125.4 0 0 -0.1497 13.7 0 6 0 0 1 36.1
1283234146 802149 5 55 47 -27.84765833333333 152.931825 125.3 0 0 -0.3721 14.01 0 6 0 0 1 36.1
1283234147 799941 5 55 48 -27.84754 152.9317416666667 125.3 0 0 -0.5747 15.37 0 6 0 0 1 36.1
1283234148 797395 5 55 49 -27.84743 152.9315933333333 125 0 0 -0.7264 17.36 0 6 0 0 1 36.1
1283234149 803948 5 55 50 -27.84733666666667 152.9314033333333 124.7 0 0 -0.8559 19.38 0 6 0 0 1 36.1
1283234150 801034 5 55 51 -27.84726166666667 152.931195 123.8 0 0 -0.9788 20.22 0 6 0 0 1 36.1
1283234151 805543 5 55 52 -27.84721833333333 152.9309616666667 122.4 0 0 -1.109 21.3 0 6 0 0 1 36.1
1283234152 804996 5 55 53 -27.84720833333333 152.9307233333333 121.8 0 0 -1.23 22.24 0 5 0 0 1 36.1
1283234153 793052 5 55 54 -27.84726 152.930475 121.9 0 0 -1.378 21.78 0 5 0 0 1 36.1
1283234154 805020 5 55 55 -27.84731166666667 152.9302333333333 121.8 0 0 -1.567 21.74 0 7 0 0 1 36.1
1283234155 804492 5 55 56 -27.84741 152.92999 123.3 0 0 -1.779 22.01 0 7 0 0 1 36.1
1283234156 804800 5 55 57 -27.847535 152.92976 126.3 0 0 -1.993 23.16 0 7 0 0 1 36.1
1283234157 801587 5 55 58 -27.84765666666667 152.9295516666667 126 0 0 -2.131 23.78 0 7 0 0 1 36.1
1283234158 800557 5 55 59 -27.8478 152.929405 128.2 0 0 -2.198 23.62 0 7 0 0 1 36.1
1283234159 809515 5 56 0 -27.847945 152.9292283333333 130.1 0 0 -2.28 23.25 0 8 0 0 1 36.1
1283234160 805119 5 56 1 -27.848105 152.929105 131.6 0 0 -2.378 22.57 0 8 0 0 1 36.1
1283234161 804561 5 56 2 -27.848305 152.9290566666667 130.4 0 0 -2.531 21.4 0 8 0 0 1 36.1
1283234162 805002 5 56 3 -27.84849333333333 152.9290733333333 129.4 0 0 -2.718 19.89 0 8 0 0 1 36.1
1283234163 802528 5 56 4 -27.84870166666667 152.9291233333333 130.6 0 0 -2.926 18.29 0 8 0 0 1 36.1
1283234164 803793 5 56 5 -27.84888833333333 152.9292316666667 133 0 0 3.036 17.98 0 8 0 0 1 36.1
1283234165 801561 5 56 6 -27.84904666666667 152.9293333333333 133.6 0 0 2.773 18.16 0 8 0 0 1 36.1
1283234166 805573 5 56 7 -27.849185 152.929445 134 0 0 2.595 17.57 0 7 0 0 1 36.1
1283234167 806488 5 56 8 -27.84928 152.9295866666667 135.9 0 0 2.448 16.48 0 8 0 0 1 36.1
1283234168 802380 5 56 9 -27.84936333333333 152.929715 136.3 0 0 2.27 15.08 0 8 0 0 1 36.1
1283234169 804562 5 56 10 -27.84942166666667 152.929845 136.6 0 0 2.07 14.13 0 7 0 0 1 36.1
1283234170 801023 5 56 11 -27.84945333333333 152.9299816666667 136.6 0 0 1.86 13.55 0 8 0 0 1 36.1
1283234171 803213 5 56 12 -27.84947 152.9301216666667 136.4 0 0 1.713 13.61 0 7 0 0 1 36.1
1283234172 802024 5 56 13 -27.84946666666667 152.9302633333333 137.1 0 0 1.603 13.69 0 7 0 0 1 36.1
1283234173 804999 5 56 14 -27.84946166666667 152.9304066666667 136.5 0 0 1.521 14.02 0 7 0 0 1 36.1
1283234174 805029 5 56 15 -27.84944 152.93055 136.7 0 0 1.416 14.08 0 6 0 0 1 36.1
1283234175 813625 5 56 16 -27.84940166666667 152.9306933333333 137.4 0 0 1.317 14.34 0 6 0 0 1 36.1
1283234176 796682 5 56 17 -27.84936333333333 152.9308333333333 137.5 0 0 1.281 14.13 0 6 0 0 1 36.1
1283234177 807111 5 56 18 -27.84932333333333 152.9309666666667 137.5 0 0 1.226 13.83 0 7 0 0 1 36.1
1283234178 797827 5 56 19 -27.849275 152.931095 137.6 0 0 1.156 13.52 0 6 0 0 1 36.1
1283234179 803511 5 56 20 -27.84921833333333 152.931215 136.8 0 0 1.018 13.37 0 6 0 0 1 36.1
1283234180 805197 5 56 21 -27.84914 152.9313183333333 136.4 0 0 0.8388 13.47 0 6 0 0 1 36.1
1283234181 806193 5 56 22 -27.84904833333333 152.9314133333333 135.9 0 0 0.7463 13.56 0 6 0 0 1 36.1
1283234182 802234 5 56 23 -27.84895333333333 152.931505 135.4 0 0 0.7257 13.89 0 6 0 0 1 36.1
1283234183 804772 5 56 24 -27.84885333333333 152.9315966666667 134.8 0 0 0.6819 14.36 0 6 0 0 1 36.1
1283234184 805019 5 56 25 -27.84875 152.9316883333333 133.7 0 0 0.6733 14.74 0 7 0 0 1 36.1
1283234185 805403 5 56 26 -27.848635 152.9317633333333 133.9 0 0 0.5281 14.51 0 7 0 0 1 36.1
1283234186 805012 5 56 27 -27.84851 152.93181 134.5 0 0 0.3335 14.08 0 7 0 0 1 36.1
1283234187 807565 5 56 28 -27.84838166666667 152.931835 135 0 0 0.189 14.01 0 7 0 0 1 36.1
1283234188 805022 5 56 29 -27.84824833333333 152.931845 136.4 0 0 0.1337 13.87 0 7 0 0 1 36.1
1283234189 808666 5 56 30 -27.84812333333333 152.931855 136.4 0 0 0.05131 13.86 0 7 0 0 1 36.1
1283234190 806709 5 56 31 -27.847995 152.9318483333333 136.5 0 0 -0.06301 14.04 0 7 0 0 1 36.1
1283234191 807456 5 56 32 -27.84786166666667 152.9318166666667 137 0 0 -0.2361 14.79 0 7 0 0 1 36.1
1283234192 812899 5 56 33 -27.84772833333333 152.931755 136.8 0 0 -0.4156 15.98 0 7 0 0 1 36.1
1283234193 805506 5 56 34 -27.84759 152.93162 136.8 0 0 -0.5934 17.08 0 8 0 0 1 36.1
1283234194 807611 5 56 35 -27.84747166666667 152.9314483333333 137 0 0 -0.7711 18.34 0 8 0 0 1 36.1
1283234195 809004 5 56 36 -27.847365 152.9312516666667 138.2 0 0 -0.9219 20.11 0 8 0 0 1 36.1
1283234196 804551 5 56 37 -27.84729666666667 152.9310466666667 138.1 0 0 -1.07 20.73 0 8 0 0 1 36.1
1283234197 805025 5 56 38 -27.84726833333333 152.930805 139.2 0 0 -1.225 21.4 0 8 0 0 1 36.1
1283234198 804579 5 56 39 -27.84727166666667 152.9305633333333 139.1 0 0 -1.379 22.01 0 8 0 0 1 36.1
1283234199 812520 5 56 40 -27.84731 152.9303133333333 138.4 0 0 -1.542 22.8 0 8 0 0 1 36.1
1283234200 805205 5 56 41 -27.84742833333333 152.93004 138.4 0 0 -1.737 23.79 0 8 0 0 1 36.1
1283234201 814002 5 56 42 -27.847535 152.9297883333333 138.6 0 0 -1.907 24.27 0 8 0 0 1 36.1
1283234202 809523 5 56 43 -27.84771333333333 152.9295533333333 138.3 0 0 -2.062 25.1 0 8 0 0 1 36.1
1283234203 810002 5 56 44 -27.847875 152.92933 139 0 0 -2.175 25.91 0 8 0 0 1 36.1
1283234204 813526 5 56 45 -27.84804 152.9291583333333 139.2 0 0 -2.277 25.71 0 8 0 0 1 36.1
1283234205 809036 5 56 46 -27.84820333333333 152.9290133333333 139.1 0 0 -2.391 24.64 0 8 0 0 1 36.1
1283234206 812753 5 56 47 -27.84840833333333 152.9289166666667 133.7 0 0 -2.55 23.94 0 8 0 0 1 36.1
1283234207 805000 5 56 48 -27.84861333333333 152.928825 130 0 0 -2.649 23.83 0 8 0 0 1 36.1
1283234208 806007 5 56 49 -27.84881333333333 152.928735 126.3 0 0 -2.7 24.64 0 8 0 0 1 36.1
1283234209 809536 5 56 50 -27.84903166666667 152.9286566666667 120.9 0 0 -2.75 25.5 0 8 0 0 1 36.1
1283234210 811409 5 56 51 -27.84926166666667 152.9285883333333 114.9 0 0 -2.794 25.66 0 8 0 0 1 36.1
1283234211 808904 5 56 52 -27.84950666666667 152.92858 109 0 0 -2.908 26.84 0 8 0 0 1 36.1
1283234212 809794 5 56 53 -27.84976 152.9285833333333 103.8 0 0 -3.035 27.18 0 8 0 0 1 36.1
1283234213 804531 5 56 54 -27.85001333333333 152.9286133333333 99.3 0 0 3.12 26.56 0 8 0 0 1 36.1
1283234214 810023 5 56 55 -27.85024 152.9286933333333 95.3 0 0 3.008 25.05 0 8 0 0 1 36.1
1283234215 809207 5 56 56 -27.850435 152.9287933333333 93.9 0 0 2.878 23.93 0 8 0 0 1 36.1
1283234216 808459 5 56 57 -27.85060666666667 152.9289083333333 92.2 0 0 2.761 23.28 0 8 0 0 1 36.1
1283234217 804517 5 56 58 -27.85075666666667 152.9290433333333 89.2 0 0 2.661 22.15 0 8 0 0 1 36.1
1283234218 804998 5 56 59 -27.85085833333333 152.9291983333333 88.4 0 0 2.511 20.25 0 8 0 0 1 36.1
1283234219 810011 5 57 0 -27.85094833333333 152.929345 87.8 0 0 2.331 18.26 0 8 0 0 1 36.1
1283234220 804543 5 57 1 -27.851005 152.9295 87.7 0 0 2.122 16.84 0 8 0 0 1 36.1
1283234221 804586 5 57 2 -27.85103666666667 152.9296566666667 87.2 0 0 1.921 15.61 0 8 0 0 1 36.1
1283234222 806027 5 57 3 -27.85104666666667 152.929805 86.2 0 0 1.714 14.29 0 8 0 0 1 36.1
1283234223 809529 5 57 4 -27.85102833333333 152.9299433333333 85.6 0 0 1.503 13.39 0 8 0 0 1 36.1
1283234224 808539 5 57 5 -27.850995 152.9300683333333 85.5 0 0 1.368 12.73 0 8 0 0 1 36.1
1283234225 813019 5 57 6 -27.85096 152.93019 85.3 0 0 1.3 12.63 0 8 0 0 1 36.1
1283234226 805777 5 57 7 -27.85091833333333 152.9303116666667 85.2 0 0 1.243 13.02 0 8 0 0 1 36.1
1283234227 801725 5 57 8 -27.85087166666667 152.9304366666667 84.8 0 0 1.198 13.52 0 8 0 0 1 36.1
1283234228 813000 5 57 9 -27.850815 152.93056 84.9 0 0 1.115 13.58 0 8 0 0 1 36.1
1283234229 806027 5 57 10 -27.85074833333333 152.9306733333333 84.8 0 0 0.9755 13.08 0 8 0 0 1 36.1
1283234230 802101 5 57 11 -27.85067166666667 152.9307733333333 85 0 0 0.8683 12.69 0 8 0 0 1 36.1
1283234231 807562 5 57 12 -27.85058666666667 152.930865 84.9 0 0 0.7882 12.9 0 8 0 0 1 36.1
1283234232 808558 5 57 13 -27.85050166666667 152.9309566666667 85.1 0 0 0.8254 13.02 0 8 0 0 1 36.1
1283234233 806014 5 57 14 -27.85041666666667 152.9310516666667 85.7 0 0 0.8322 12.96 0 8 0 0 1 36.1
1283234234 804832 5 57 15 -27.85032666666667 152.9311416666667 85.6 0 0 0.7201 13.33 0 8 0 0 1 36.1
1283234235 804562 5 57 16 -27.850225 152.9312233333333 85.6 0 0 0.617 13.91 0 8 0 0 1 36.1
1283234236 807843 5 57 17 -27.850115 152.9312983333333 86.3 0 0 0.5665 13.77 0 8 0 0 1 36.1
1283234237 810584 5 57 18 -27.85000666666667 152.9313683333333 87 0 0 0.5697 13.61 0 8 0 0 1 36.1
1283234238 804507 5 57 19 -27.84989833333333 152.9314416666667 86.8 0 0 0.5527 14.08 0 8 0 0 1 36.1
1283234239 811346 5 57 20 -27.849785 152.9315116666667 87.2 0 0 0.5194 14.44 0 7 0 0 1 36.1
1283234240 806908 5 57 21 -27.84966 152.9315716666667 87 0 0 0.3924 14.84 0 7 0 0 1 36.1
1283234241 806038 5 57 22 -27.849525 152.9316116666667 86.4 0 0 0.2635 15.67 0 7 0 0 1 36.1
1283234242 801992 5 57 23 -27.84937333333333 152.9316183333333 86.2 0 0 0.05445 16.31 0 7 0 0 1 36.1
1283234243 809989 5 57 24 -27.84921166666667 152.9315883333333 86.3 0 0 -0.1119 17.41 0 7 0 0 1 36.1
1283234244 809297 5 57 25 -27.84904333333333 152.9315283333333 86.1 0 0 -0.2592 18.8 0 7 0 0 1 36.1
1283234245 808932 5 57 26 -27.84887333333333 152.9313966666667 86.1 0 0 -0.4342 19.11 0 7 0 0 1 36.1
1283234246 809630 5 57 27 -27.84873166666667 152.931245 86.2 0 0 -0.6137 19.59 0 7 0 0 1 36.1
1283234247 809112 5 57 28 -27.84861 152.9310933333333 86.7 0 0 -0.7676 19.3 0 7 0 0 1 36.1
1283234248 806011 5 57 29 -27.84849 152.93092 89.9 0 0 -0.8819 19.74 0 7 0 0 1 36.1
1283234249 809048 5 57 30 -27.84838833333333 152.9307316666667 92.5 0 0 -0.9968 20.63 0 7 0 0 1 36.1
1283234250 813600 5 57 31 -27.84831 152.9305283333333 94 0 0 -1.11 21.35 0 7 0 0 1 36.1
1283234251 807050 5 57 32 -27.84826166666667 152.9302933333333 95.2 0 0 -1.231 22.05 0 7 0 0 1 36.1
1283234252 809104 5 57 33 -27.84823666666666 152.93006 96.2 0 0 -1.338 22.62 0 7 0 0 1 36.1
1283234253 805006 5 57 34 -27.848255 152.9298333333333 96.4 0 0 -1.447 22.09 0 7 0 0 1 36.1
1283234254 806043 5 57 35 -27.848315 152.92961 96.3 0 0 -1.587 21.52 0 7 0 0 1 36.1
1283234255 809949 5 57 36 -27.84845833333333 152.929405 95.7 0 0 -1.772 21.05 0 6 0 0 1 36.1
1283234256 809028 5 57 37 -27.84856833333333 152.9291933333333 96.5 0 0 -1.903 21.33 0 7 0 0 1 36.1
1283234257 805055 5 57 38 -27.848765 152.9289566666667 98.4 0 0 -2.111 22.99 0 8 0 0 1 36.1
1283234258 805501 5 57 39 -27.848975 152.9288016666667 97.6 0 0 -2.282 23.48 0 8 0 0 1 36.1
1283234259 813001 5 57 40 -27.84918 152.928715 96.8 0 0 -2.45 23.02 0 8 0 0 1 36.1
1283234260 806110 5 57 41 -27.84938833333333 152.928675 95.8 0 0 -2.622 22.5 0 8 0 0 1 36.1
1283234261 806036 5 57 42 -27.8496 152.9286483333333 95.4 0 0 -2.755 21.84 0 8 0 0 1 36.1
1283234262 805509 5 57 43 -27.84979833333333 152.928645 94.3 0 0 -2.913 20.9 0 8 0 0 1 36.1
1283234263 806022 5 57 44 -27.84999166666667 152.9286583333333 94 0 0 -3.067 20.55 0 7 0 0 1 36.1
1283234264 812659 5 57 45 -27.850175 152.9287416666667 95.1 0 0 2.994 19.64 0 8 0 0 1 36.1
1283234265 812136 5 57 46 -27.85032 152.9288416666667 95.1 0 0 2.789 18.46 0 8 0 0 1 36.1
1283234266 805025 5 57 47 -27.85044833333333 152.92894 94.5 0 0 2.643 17.3 0 8 0 0 1 36.1
1283234267 809029 5 57 48 -27.850555 152.92905 93.9 0 0 2.475 16.24 0 8 0 0 1 36.1
1283234268 808511 5 57 49 -27.85065 152.9291633333333 92.3 0 0 2.319 15.34 0 8 0 0 1 36.1
1283234269 814005 5 57 50 -27.85072666666667 152.9292883333333 91.7 0 0 2.184 14.97 0 8 0 0 1 36.1
1283234270 811913 5 57 51 -27.85078666666667 152.9294216666667 91.7 0 0 2.044 14.63 0 8 0 0 1 36.1
1283234271 809044 5 57 52 -27.85083166666667 152.92956 91.4 0 0 1.896 14.52 0 8 0 0 1 36.1
1283234272 811658 5 57 53 -27.85086 152.929705 91.5 0 0 1.821 14.38 0 8 0 0 1 36.1
1283234273 808519 5 57 54 -27.85089 152.9298483333333 91.1 0 0 1.791 14.36 0 8 0 0 1 36.1
1283234274 809906 5 57 55 -27.85091333333333 152.92999 91.6 0 0 1.769 14.31 0 8 0 0 1 36.1
1283234275 808114 5 57 56 -27.85092833333333 152.9301316666667 91.6 0 0 1.645 13.91 0 8 0 0 1 36.1
1283234276 810147 5 57 57 -27.85092333333333 152.93027 90.8 0 0 1.472 13.66 0 8 0 0 1 36.1
1283234277 809040 5 57 58 -27.850895 152.9304033333333 89.8 0 0 1.264 13.32 0 8 0 0 1 36.1
1283234278 811025 5 57 59 -27.85083833333333 152.9305216666667 89.1 0 0 1.034 13.23 0 8 0 0 1 36.1
1283234279 809824 5 58 0 -27.85075833333333 152.930625 89 0 0 0.8521 13.42 0 8 0 0 1 36.1
1283234280 808808 5 58 1 -27.85066666666667 152.9307233333333 88.9 0 0 0.7828 13.97 0 8 0 0 1 36.1
1283234281 805839 5 58 2 -27.85056833333334 152.9308166666667 88.5 0 0 0.7009 14.22 0 8 0 0 1 36.1
1283234282 807109 5 58 3 -27.85046333333333 152.930905 87.8 0 0 0.6496 14.15 0 8 0 0 1 36.1
1283234283 808512 5 58 4 -27.85035666666667 152.9309866666667 87.9 0 0 0.6138 14.03 0 8 0 0 1 36.1
1283234284 806006 5 58 5 -27.85024666666667 152.9310633333333 87.8 0 0 0.5554 14.12 0 8 0 0 1 36.1
1283234285 810882 5 58 6 -27.85013 152.9311283333333 87.6 0 0 0.4351 14.27 0 8 0 0 1 36.1
1283234286 804608 5 58 7 -27.85000666666667 152.9311816666667 87.7 0 0 0.3728 14.29 0 8 0 0 1 36.1
1283234287 817825 5 58 8 -27.84988166666667 152.9312266666667 88 0 0 0.3093 14.02 0 8 0 0 1 36.1
1283234288 810015 5 58 9 -27.84975666666667 152.93126 88.5 0 0 0.2337 13.73 0 8 0 0 1 36.1
1283234289 810315 5 58 10 -27.84963333333333 152.9312866666667 89 0 0 0.1758 13.77 0 8 0 0 1 36.1
1283234290 805001 5 58 11 -27.849505 152.9313016666667 89 0 0 0.09215 14.51 0 8 0 0 1 36.1
1283234291 809036 5 58 12 -27.84937 152.9313083333333 89 0 0 0.02897 14.9 0 8 0 0 1 36.1
1283234292 809336 5 58 13 -27.84923666666667 152.9313133333333 89.8 0 0 0.06144 14.07 0 8 0 0 1 36.1
1283234293 809543 5 58 14 -27.84910833333333 152.93132 89.3 0 0 0.04241 14.14 0 8 0 0 1 36.1
1283234294 812632 5 58 15 -27.84897833333333 152.9313166666667 89.6 0 0 -0.04224 14.2 0 8 0 0 1 36.1
1283234295 809906 5 58 16 -27.84884666666667 152.93129 90.1 0 0 -0.2047 14.1 0 8 0 0 1 36.1
1283234296 811910 5 58 17 -27.84871833333333 152.93124 90.7 0 0 -0.3677 14.55 0 8 0 0 1 36.1
1283234297 810043 5 58 18 -27.84859333333333 152.931165 91.2 0 0 -0.5452 15.1 0 8 0 0 1 36.1
1283234298 810000 5 58 19 -27.84848 152.9310583333333 91.6 0 0 -0.7053 16.3 0 8 0 0 1 36.1
1283234299 809614 5 58 20 -27.84840666666667 152.9308733333333 92.2 0 0 -0.8779 17.57 0 8 0 0 1 36.1
1283234300 813009 5 58 21 -27.84830666666667 152.9306916666667 92.2 0 0 -0.9966 18.76 0 8 0 0 1 36.1
1283234301 808825 5 58 22 -27.84823333333333 152.930495 92.2 0 0 -1.132 19.52 0 8 0 0 1 36.1
1283234302 810907 5 58 23 -27.84818833333333 152.9302916666667 92.4 0 0 -1.273 20.13 0 8 0 0 1 36.1
1283234303 810037 5 58 24 -27.84817 152.930075 92.6 0 0 -1.421 20.85 0 8 0 0 1 36.1
1283234304 814803 5 58 25 -27.84818 152.9298483333333 92.5 0 0 -1.553 21.38 0 8 0 0 1 36.1
1283234305 813110 5 58 26 -27.84822666666667 152.92961 92.3 0 0 -1.673 22.01 0 8 0 0 1 36.1
1283234306 810018 5 58 27 -27.84830833333333 152.92938 92 0 0 -1.802 22.35 0 8 0 0 1 36.1
1283234307 809571 5 58 28 -27.848425 152.9291666666667 91.5 0 0 -1.93 22.34 0 8 0 0 1 36.1
1283234308 809538 5 58 29 -27.84862833333333 152.9289433333333 91.3 0 0 -2.117 23.47 0 8 0 0 1 36.1
1283234309 817628 5 58 30 -27.848805 152.928775 91.2 0 0 -2.267 24.28 0 8 0 0 1 36.1
1283234310 809630 5 58 31 -27.84899833333333 152.9286466666667 91 0 0 -2.401 23.78 0 8 0 0 1 36.1
1283234311 810022 5 58 32 -27.84918333333333 152.9285316666667 90.4 0 0 -2.532 23.52 0 8 0 0 1 36.1
1283234312 817009 5 58 33 -27.84938 152.9284433333333 90.1 0 0 -2.68 23.28 0 8 0 0 1 36.1
1283234313 813023 5 58 34 -27.84958166666667 152.9283783333333 90.1 0 0 -2.812 22.65 0 8 0 0 1 36.1
1283234314 815390 5 58 35 -27.849785 152.9283483333333 87.7 0 0 -2.904 21.82 0 8 0 0 1 36.1
1283234315 813997 5 58 36 -27.84997333333333 152.9283583333333 85.4 0 0 -3.024 20.8 0 8 0 0 1 36.1
1283234316 814461 5 58 37 -27.85015666666667 152.9284566666667 85.5 0 0 3.089 19.27 0 8 0 0 1 36.1
1283234317 812504 5 58 38 -27.85031333333333 152.9285183333333 85 0 0 2.892 18.43 0 8 0 0 1 36.1
1283234318 813051 5 58 39 -27.85046 152.9286216666667 84.4 0 0 2.643 18.67 0 8 0 0 1 36.1
1283234319 813054 5 58 40 -27.85060333333333 152.9287383333333 83.8 0 0 2.567 19.26 0 8 0 0 1 36.1
1283234320 812259 5 58 41 -27.85075 152.9288533333333 82.6 0 0 2.566 19.56 0 8 0 0 1 36.1
1283234321 816108 5 58 42 -27.85089666666667 152.92897 82.5 0 0 2.554 20.01 0 8 0 0 1 36.1
1283234322 809029 5 58 43 -27.85104333333333 152.9290883333333 82.8 0 0 2.534 19.95 0 8 0 0 1 36.1
1283234323 817015 5 58 44 -27.85118166666667 152.9292083333333 83.2 0 0 2.5 19.19 0 8 0 0 1 36.1
1283234324 813107 5 58 45 -27.85131 152.9293283333333 83.5 0 0 2.445 18.23 0 8 0 0 1 36.1
1283234325 813022 5 58 46 -27.851425 152.9294516666667 83.7 0 0 2.364 17.32 0 8 0 0 1 36.1
1283234326 816576 5 58 47 -27.85152 152.9295816666667 85 0 0 2.256 16.73 0 8 0 0 1 36.1
1283234327 814003 5 58 48 -27.85159666666667 152.9297183333333 86.3 0 0 2.138 15.78 0 8 0 0 1 36.1
1283234328 813043 5 58 49 -27.851665 152.9298566666667 87.6 0 0 2.106 15.61 0 8 0 0 1 36.1
1283234329 816523 5 58 50 -27.85174 152.9299916666667 88.8 0 0 2.196 16.15 0 8 0 0 1 36.1
1283234330 813994 5 58 51 -27.85183166666667 152.9301166666667 90.6 0 0 2.338 16.29 0 8 0 0 1 36.1
1283234331 816545 5 58 52 -27.85194333333333 152.9302216666667 93.1 0 0 2.507 16.76 0 8 0 0 1 36.1
1283234332 816540 5 58 53 -27.85206833333333 152.9303133333333 95.5 0 0 2.631 17.18 0 8 0 0 1 36.1
1283234333 813005 5 58 54 -27.852205 152.93039 98.1 0 0 2.723 17.72 0 8 0 0 1 36.1
1283234334 813623 5 58 55 -27.852365 152.9304233333333 98.4 0 0 2.882 18.27 0 8 0 0 1 36.1
1283234335 816664 5 58 56 -27.852535 152.9304133333333 98.7 0 0 3.066 18.92 0 8 0 0 1 36.1
1283234336 816519 5 58 57 -27.85270666666667 152.9303483333333 98.8 0 0 -3.031 19.13 0 8 0 0 1 36.1
1283234337 817114 5 58 58 -27.85286666666667 152.9302333333333 98.9 0 0 -2.832 18.78 0 8 0 0 1 36.1
1283234338 817001 5 58 59 -27.85300666666667 152.93007 99 0 0 -2.62 19.21 0 8 0 0 1 36.1
1283234339 809602 5 59 0 -27.85313 152.9298566666667 99.5 0 0 -2.41 19.55 0 8 0 0 1 36.1
1283234340 822002 5 59 1 -27.85322833333333 152.9296133333333 100 0 0 -2.209 19.92 0 8 0 0 1 36.1
1283234341 818621 5 59 2 -27.85323666666667 152.9293833333333 99.5 0 0 -1.996 21.16 0 8 0 0 1 36.1
1283234342 818016 5 59 3 -27.853205 152.9291466666667 98.5 0 0 -1.775 22.19 0 8 0 0 1 36.1
1283234343 817738 5 59 4 -27.85317333333333 152.9288983333333 96.9 0 0 -1.586 23.47 0 8 0 0 1 36.1
1283234344 813044 5 59 5 -27.85309333333333 152.9286716666667 95.8 0 0 -1.404 22.92 0 8 0 0 1 36.1
1283234345 812610 5 59 6 -27.852965 152.9285116666667 94.5 0 0 -1.247 20.67 0 8 0 0 1 36.1
1283234346 813008 5 59 7 -27.85282333333333 152.9283983333333 93.6 0 0 -1.034 18.68 0 8 0 0 1 36.1
1283234347 816552 5 59 8 -27.85267666666667 152.9283466666667 92.9 0 0 -0.7573 17.01 0 8 0 0 1 36.1
1283234348 812513 5 59 9 -27.85257 152.9283366666667 90.9 0 0 -0.4739 14.54 0 7 0 0 1 36.1
1283234349 814157 5 59 10 -27.85244 152.9283333333333 90 0 0 -0.1642 13.86 0 7 0 0 1 36.1
1283234350 815547 5 59 11 -27.85231833333333 152.9283333333333 88.4 0 0 -0.1056 13.72 0 7 0 0 1 36.1
1283234351 815415 5 59 12 -27.85219833333333 152.9283316666667 86.6 0 0 -0.07034 13.8 0 7 0 0 1 36.1
1283234352 812576 5 59 13 -27.85207833333333 152.92834 84.6 0 0 0.0274 13.56 0 7 0 0 1 36.1
1283234353 814068 5 59 14 -27.85195833333333 152.9283516666667 82.5 0 0 0.03334 13.72 0 7 0 0 1 36.1
1283234354 810041 5 59 15 -27.85183833333333 152.9283616666667 80.6 0 0 0.03002 13.72 0 7 0 0 1 36.1
1283234355 812556 5 59 16 -27.85172333333333 152.9283716666667 78.6 0 0 0.05533 12.91 0 7 0 0 1 36.1
1283234356 814032 5 59 17 -27.85161666666666 152.9283866666667 76.9 0 0 0.08622 11.66 0 7 0 0 1 36.1
1283234357 815316 5 59 18 -27.85151833333333 152.9284033333333 74.6 0 0 0.1211 11.37 0 8 0 0 1 36.1
1283234358 822008 5 59 19 -27.85142166666667 152.9284266666667 71.9 0 0 0.1723 11.63 0 8 0 0 1 36.1
1283234359 816773 5 59 20 -27.85133 152.9284516666667 70.8 0 0 0.2377 9.857 0 8 0 0 1 36.1
1283234360 813025 5 59 21 -27.85125 152.9284816666667 70.1 0 0 0.344 9.188 0 8 0 0 1 36.1
1283234361 821007 5 59 22 -27.851175 152.9285133333333 69.1 0 0 0.3133 8.746 0 8 0 0 1 36.1
1283234362 824573 5 59 23 -27.851105 152.9285366666667 67.6 0 0 0.1873 8.344 0 8 0 0 1 36.1
1283234363 816836 5 59 24 -27.85103166666667 152.9285416666667 66.1 0 0 -0.03892 8.468 0 8 0 0 1 36.1
1283234364 822009 5 59 25 -27.85095833333333 152.928535 65.2 0 0 -0.1 8.257 0 7 0 0 1 36.1
1283234365 821518 5 59 26 -27.85088833333333 152.92853 64.5 0 0 -0.07383 7.809 0 8 0 0 1 36.1
1283234366 826272 5 59 27 -27.85083 152.9285366666667 63.4 0 0 0.0569 6.533 0 8 0 0 1 36.1
